<?xml version="1.0" encoding="UTF-8"?>
<testsuite name="calculation.services.CalculationServiceTest" tests="6" skipped="0" failures="0" errors="0" timestamp="2017-10-29T07:07:50" hostname="E00768" time="0.552">
  <properties/>
  <testcase name="getResultWithAddtionDto" classname="calculation.services.CalculationServiceTest" time="0.097"/>
  <testcase name="getResultWithSubtractionDto" classname="calculation.services.CalculationServiceTest" time="0.098"/>
  <testcase name="throwExceptionWithInvalidCalculationDtoWithInvalidOperation" classname="calculation.services.CalculationServiceTest" time="0.14"/>
  <testcase name="getResultWithDivisionDto" classname="calculation.services.CalculationServiceTest" time="0.096"/>
  <testcase name="getResultWithMultiplicationDto" classname="calculation.services.CalculationServiceTest" time="0.109"/>
  <testcase name="throwExceptionWithInvalidCalculationDtoWithEmptyOperation" classname="calculation.services.CalculationServiceTest" time="0.006"/>
  <system-out><![CDATA[2017-10-29 18:07:50.771  INFO 15684 --- [    Test worker] o.s.t.c.s.DefaultTestContextBootstrapper : Neither @ContextConfiguration nor @ContextHierarchy found for test class [calculation.services.CalculationServiceTest], using DelegatingSmartContextLoader
2017-10-29 18:07:50.775  INFO 15684 --- [    Test worker] o.s.t.c.support.AbstractContextLoader    : Could not detect default resource locations for test class [calculation.services.CalculationServiceTest]: no resource found for suffixes {-context.xml}.
2017-10-29 18:07:50.776  INFO 15684 --- [    Test worker] c.s.AbstractDelegatingSmartContextLoader : AnnotationConfigContextLoader detected default configuration classes for context configuration [ContextConfigurationAttributes@391c69b7 declaringClass = 'calculation.services.CalculationServiceTest', classes = '{class calculation.services.CalculationServiceTest$CalculationServiceTestContextConfiguration}', locations = '{}', inheritLocations = false, initializers = '{}', inheritInitializers = true, name = [null], contextLoaderClass = 'org.springframework.test.context.ContextLoader'].
2017-10-29 18:07:50.782  INFO 15684 --- [    Test worker] o.s.t.c.s.DefaultTestContextBootstrapper : Loaded default TestExecutionListener class names from location [META-INF/spring.factories]: [org.springframework.boot.test.mock.mockito.MockitoTestExecutionListener, org.springframework.boot.test.mock.mockito.ResetMocksTestExecutionListener, org.springframework.boot.test.autoconfigure.restdocs.RestDocsTestExecutionListener, org.springframework.boot.test.autoconfigure.web.client.MockRestServiceServerResetTestExecutionListener, org.springframework.boot.test.autoconfigure.web.servlet.MockMvcPrintOnlyOnFailureTestExecutionListener, org.springframework.boot.test.autoconfigure.web.servlet.WebDriverTestExecutionListener, org.springframework.test.context.web.ServletTestExecutionListener, org.springframework.test.context.support.DirtiesContextBeforeModesTestExecutionListener, org.springframework.test.context.support.DependencyInjectionTestExecutionListener, org.springframework.test.context.support.DirtiesContextTestExecutionListener, org.springframework.test.context.transaction.TransactionalTestExecutionListener, org.springframework.test.context.jdbc.SqlScriptsTestExecutionListener]
2017-10-29 18:07:50.783  INFO 15684 --- [    Test worker] o.s.t.c.s.DefaultTestContextBootstrapper : Could not instantiate TestExecutionListener [org.springframework.test.context.transaction.TransactionalTestExecutionListener]. Specify custom listener classes or make the default listener classes (and their required dependencies) available. Offending class: [org/springframework/transaction/interceptor/TransactionAttributeSource]
2017-10-29 18:07:50.784  INFO 15684 --- [    Test worker] o.s.t.c.s.DefaultTestContextBootstrapper : Could not instantiate TestExecutionListener [org.springframework.test.context.jdbc.SqlScriptsTestExecutionListener]. Specify custom listener classes or make the default listener classes (and their required dependencies) available. Offending class: [org/springframework/transaction/interceptor/TransactionAttribute]
2017-10-29 18:07:50.785  INFO 15684 --- [    Test worker] o.s.t.c.s.DefaultTestContextBootstrapper : Using TestExecutionListeners: [org.springframework.test.context.web.ServletTestExecutionListener@2eb4d257, org.springframework.test.context.support.DirtiesContextBeforeModesTestExecutionListener@7f1749bb, org.springframework.test.context.support.DependencyInjectionTestExecutionListener@5d3988ee, org.springframework.test.context.support.DirtiesContextTestExecutionListener@6e59ba9d, org.springframework.boot.test.mock.mockito.MockitoTestExecutionListener@6677fb6b, org.springframework.boot.test.autoconfigure.web.servlet.WebDriverTestExecutionListener@23683c8f, org.springframework.boot.test.autoconfigure.web.servlet.MockMvcPrintOnlyOnFailureTestExecutionListener@3287bef4, org.springframework.boot.test.autoconfigure.web.client.MockRestServiceServerResetTestExecutionListener@11a9776b, org.springframework.boot.test.mock.mockito.ResetMocksTestExecutionListener@48dc7a96, org.springframework.boot.test.autoconfigure.restdocs.RestDocsTestExecutionListener@2a32ab46]
2017-10-29 18:07:50.789  INFO 15684 --- [    Test worker] o.s.c.support.GenericApplicationContext  : Refreshing org.springframework.context.support.GenericApplicationContext@20f01ae6: startup date [Sun Oct 29 18:07:50 AEDT 2017]; root of context hierarchy
2017-10-29 18:07:51.393 ERROR 15684 --- [    Test worker] calculation.services.CalculationService  : Operation cannot be empty
]]></system-out>
  <system-err><![CDATA[]]></system-err>
</testsuite>
